<?xml version="1.0" encoding="UTF-8"?>
<testng-results ignored="0" total="7" passed="7" failed="0" skipped="0">
  <reporter-output>
  </reporter-output>
  <suite started-at="2022-01-05T00:00:07 ICT" name="Nop Commerce" finished-at="2022-01-05T00:00:25 ICT" duration-ms="17367">
    <groups>
    </groups>
    <test started-at="2022-01-05T00:00:07 ICT" name="Run on CHROME" finished-at="2022-01-05T00:00:25 ICT" duration-ms="17367">
      <class name="test.SearchTest">
        <test-method is-config="true" signature="beforeClass(java.lang.String,java.lang.String)[pri:0, instance:test.SearchTest@188715b5]" started-at="2022-01-05T00:00:07 ICT" name="beforeClass" finished-at="2022-01-05T00:00:12 ICT" duration-ms="4943" status="PASS">
          <params>
            <param index="0">
              <value>
                <![CDATA[chrome]]>
              </value>
            </param>
            <param index="1">
              <value>
                <![CDATA[https://demo.nopcommerce.com]]>
              </value>
            </param>
          </params>
          <reporter-output>
          </reporter-output>
        </test-method> <!-- beforeClass -->
        <test-method signature="Search_TC_01_Search_With_Empty_Data()[pri:0, instance:test.SearchTest@188715b5]" started-at="2022-01-05T00:00:12 ICT" name="Search_TC_01_Search_With_Empty_Data" finished-at="2022-01-05T00:00:14 ICT" duration-ms="1738" status="PASS">
          <reporter-output>
          </reporter-output>
        </test-method> <!-- Search_TC_01_Search_With_Empty_Data -->
        <test-method signature="Search_TC_02_Search_With_Note_Exist_Data()[pri:0, instance:test.SearchTest@188715b5]" started-at="2022-01-05T00:00:14 ICT" name="Search_TC_02_Search_With_Note_Exist_Data" finished-at="2022-01-05T00:00:15 ICT" duration-ms="1612" status="PASS">
          <reporter-output>
          </reporter-output>
        </test-method> <!-- Search_TC_02_Search_With_Note_Exist_Data -->
        <test-method signature="Search_TC_03_Search_With_Product_Name()[pri:0, instance:test.SearchTest@188715b5]" started-at="2022-01-05T00:00:15 ICT" name="Search_TC_03_Search_With_Product_Name" finished-at="2022-01-05T00:00:17 ICT" duration-ms="1682" status="PASS">
          <reporter-output>
          </reporter-output>
        </test-method> <!-- Search_TC_03_Search_With_Product_Name -->
        <test-method signature="Search_TC_04_Search_With_Product_Name()[pri:0, instance:test.SearchTest@188715b5]" started-at="2022-01-05T00:00:17 ICT" name="Search_TC_04_Search_With_Product_Name" finished-at="2022-01-05T00:00:19 ICT" duration-ms="1453" status="PASS">
          <reporter-output>
          </reporter-output>
        </test-method> <!-- Search_TC_04_Search_With_Product_Name -->
        <test-method signature="Search_TC_05_Advance_Search_With_Parent_Categories()[pri:0, instance:test.SearchTest@188715b5]" started-at="2022-01-05T00:00:19 ICT" name="Search_TC_05_Advance_Search_With_Parent_Categories" finished-at="2022-01-05T00:00:20 ICT" duration-ms="1636" status="PASS">
          <reporter-output>
          </reporter-output>
        </test-method> <!-- Search_TC_05_Advance_Search_With_Parent_Categories -->
        <test-method signature="Search_TC_06_Advance_Search_With_Sub_Categories()[pri:0, instance:test.SearchTest@188715b5]" started-at="2022-01-05T00:00:20 ICT" name="Search_TC_06_Advance_Search_With_Sub_Categories" finished-at="2022-01-05T00:00:22 ICT" duration-ms="1764" status="PASS">
          <reporter-output>
          </reporter-output>
        </test-method> <!-- Search_TC_06_Advance_Search_With_Sub_Categories -->
        <test-method signature="Search_TC_07_Advance_Search_With_Incorrect_Manufacturer()[pri:0, instance:test.SearchTest@188715b5]" started-at="2022-01-05T00:00:22 ICT" name="Search_TC_07_Advance_Search_With_Incorrect_Manufacturer" finished-at="2022-01-05T00:00:24 ICT" duration-ms="2032" status="PASS">
          <reporter-output>
          </reporter-output>
        </test-method> <!-- Search_TC_07_Advance_Search_With_Incorrect_Manufacturer -->
        <test-method is-config="true" signature="afterClass()[pri:0, instance:test.SearchTest@188715b5]" started-at="2022-01-05T00:00:24 ICT" name="afterClass" finished-at="2022-01-05T00:00:24 ICT" duration-ms="442" status="PASS">
          <reporter-output>
          </reporter-output>
        </test-method> <!-- afterClass -->
      </class> <!-- test.SearchTest -->
    </test> <!-- Run on CHROME -->
  </suite> <!-- Nop Commerce -->
</testng-results>
